<?xml version="1.0" encoding="UTF-8"?>
<!-- Generated by org.testng.reporters.JUnitReportReporter -->
<testsuite hostname="DESKTOP-KNF00F2" failures="0" tests="2" name="FirstTest" time="23.661" errors="0" timestamp="2021-05-18T21:11:34 EEST" skipped="0">
  <testcase classname="FirstTest" name="testAutomationPracticeForm" time="15.747"/>
  <system-out/>
  <testcase classname="FirstTest" name="testVitaliiDmitrenko" time="7.914"/>
  <system-out/>
</testsuite> <!-- FirstTest -->
